Using pre-set license
Built from '2020.2/release' branch; Version is '2020.2.1f1 (270dd8c3da1c) revision 2559448'; Using compiler version '192528614'; Build Type 'Release'
OS: 'Windows 10  (10.0.0) 64bit' Language: 'en' Physical Memory: 16300 MB
BatchMode: 1, IsHumanControllingUs: 0, StartBugReporterOnCrash: 0, Is64bit: 1, IsPro: 0

 COMMAND LINE ARGUMENTS:
D:\Unity\2020.2.1f1\Editor\Unity.exe
-adb2
-batchMode
-noUpm
-name
AssetImportWorker0
-projectPath
D:/Year 2 Code/SEM 4/Game Prod/2D/GAME2030_M1_Kumar_Vineet_QBert
-logFile
Logs/AssetImportWorker0.log
-srvPort
53053
Successfully changed project path to: D:/Year 2 Code/SEM 4/Game Prod/2D/GAME2030_M1_Kumar_Vineet_QBert
D:/Year 2 Code/SEM 4/Game Prod/2D/GAME2030_M1_Kumar_Vineet_QBert
Using Asset Import Pipeline V2.
Refreshing native plugins compatible for Editor in 37.71 ms, found 1 plugins.
Preloading 0 native plugins for Editor in 0.00 ms.
Initialize engine version: 2020.2.1f1 (270dd8c3da1c)
[Subsystems] Discovering subsystems at path D:/Unity/2020.2.1f1/Editor/Data/Resources/UnitySubsystems
[Subsystems] Discovering subsystems at path D:/Year 2 Code/SEM 4/Game Prod/2D/GAME2030_M1_Kumar_Vineet_QBert/Assets
GfxDevice: creating device client; threaded=0
Direct3D:
    Version:  Direct3D 11.0 [level 11.1]
    Renderer: NVIDIA GeForce GTX 1080 (ID=0x1be0)
    Vendor:   
    VRAM:     8079 MB
    Driver:   27.21.14.6140
Initialize mono
Mono path[0] = 'D:/Unity/2020.2.1f1/Editor/Data/Managed'
Mono path[1] = 'D:/Unity/2020.2.1f1/Editor/Data/MonoBleedingEdge/lib/mono/unityjit'
Mono config path = 'D:/Unity/2020.2.1f1/Editor/Data/MonoBleedingEdge/etc'
Using monoOptions --debugger-agent=transport=dt_socket,embedding=1,server=y,suspend=n,address=127.0.0.1:56184
Begin MonoManager ReloadAssembly
Registering precompiled unity dll's ...
Register platform support module: D:/Unity/2020.2.1f1/Editor/Data/PlaybackEngines/WebGLSupport/UnityEditor.WebGL.Extensions.dll
Register platform support module: D:/Unity/2020.2.1f1/Editor/Data/PlaybackEngines/WindowsStandaloneSupport/UnityEditor.WindowsStandalone.Extensions.dll
Registered in 0.001698 seconds.
Native extension for WindowsStandalone target not found
Native extension for WebGL target not found
Refreshing native plugins compatible for Editor in 41.79 ms, found 1 plugins.
Preloading 0 native plugins for Editor in 0.00 ms.
Invoked RoslynAnalysisRunner static constructor.
RoslynAnalysisRunner will not be running.
RoslynAnalysisRunner has terminated.
Mono: successfully reloaded assembly
- Completed reload, in  1.358 seconds
Platform modules already initialized, skipping
Registering precompiled user dll's ...
Registered in 0.001647 seconds.
Begin MonoManager ReloadAssembly
Native extension for WindowsStandalone target not found
Native extension for WebGL target not found
Refreshing native plugins compatible for Editor in 42.67 ms, found 1 plugins.
Preloading 0 native plugins for Editor in 0.00 ms.
Invoked RoslynAnalysisRunner static constructor.
RoslynAnalysisRunner will not be running.
RoslynAnalysisRunner has terminated.
Mono: successfully reloaded assembly
- Completed reload, in  1.254 seconds
Platform modules already initialized, skipping
========================================================================
Worker process is ready to serve import requests
Launched and connected shader compiler UnityShaderCompiler.exe after 0.05 seconds
Refreshing native plugins compatible for Editor in 0.38 ms, found 1 plugins.
Preloading 0 native plugins for Editor in 0.00 ms.
Unloading 1806 Unused Serialized files (Serialized files now loaded: 0)
System memory in use before: 85.8 MB.
System memory in use after: 85.8 MB.

Unloading 23 unused Assets to reduce memory usage. Loaded Objects now: 2247.
Total: 3.896400 ms (FindLiveObjects: 0.278700 ms CreateObjectMapping: 0.151900 ms MarkObjects: 3.319400 ms  DeleteObjects: 0.143600 ms)

========================================================================
Received Import Request.
  path: Assets/_Scripts/GameManager.cs
  artifactKey: Guid(2c0d6bd998c360e4b9cfda5d4e86f34d) Importer(815301076,1909f56bfc062723c751e8b465ee728b)
Start importing Assets/_Scripts/GameManager.cs using Guid(2c0d6bd998c360e4b9cfda5d4e86f34d) Importer(815301076,1909f56bfc062723c751e8b465ee728b)  -> (artifact id: '994a653b92043b484b9d24a8a62025da') in 0.034537 seconds
  Import took 0.054877 seconds .

========================================================================
Received Prepare
Refreshing native plugins compatible for Editor in 2.47 ms, found 1 plugins.
Preloading 0 native plugins for Editor in 0.00 ms.
Unloading 9 Unused Serialized files (Serialized files now loaded: 0)
System memory in use before: 49.5 MB.
System memory in use after: 49.5 MB.

Unloading 9 unused Assets to reduce memory usage. Loaded Objects now: 2247.
Total: 53.649400 ms (FindLiveObjects: 0.371200 ms CreateObjectMapping: 0.156500 ms MarkObjects: 53.006000 ms  DeleteObjects: 0.113800 ms)

========================================================================
Received Import Request.
  Time since last request: 23.489741 seconds.
  path: Assets/_Scripts/GameManager.cs
  artifactKey: Guid(2c0d6bd998c360e4b9cfda5d4e86f34d) Importer(815301076,1909f56bfc062723c751e8b465ee728b)
Start importing Assets/_Scripts/GameManager.cs using Guid(2c0d6bd998c360e4b9cfda5d4e86f34d) Importer(815301076,1909f56bfc062723c751e8b465ee728b)  -> (artifact id: 'bd5dd2fdd4f3c402b4c7539ab2ff3a72') in 0.004194 seconds
  Import took 0.033683 seconds .

========================================================================
Received Prepare
Registering precompiled user dll's ...
Registered in 0.000789 seconds.
Begin MonoManager ReloadAssembly
Native extension for WindowsStandalone target not found
Native extension for WebGL target not found
Refreshing native plugins compatible for Editor in 0.99 ms, found 1 plugins.
Preloading 0 native plugins for Editor in 0.00 ms.
Invoked RoslynAnalysisRunner static constructor.
RoslynAnalysisRunner will not be running.
RoslynAnalysisRunner has terminated.
Mono: successfully reloaded assembly
- Completed reload, in  1.431 seconds
Platform modules already initialized, skipping
Refreshing native plugins compatible for Editor in 0.68 ms, found 1 plugins.
Preloading 0 native plugins for Editor in 0.00 ms.
Unloading 1787 Unused Serialized files (Serialized files now loaded: 0)
System memory in use before: 85.0 MB.
System memory in use after: 85.1 MB.

Unloading 11 unused Assets to reduce memory usage. Loaded Objects now: 2250.
Total: 3.350000 ms (FindLiveObjects: 0.352600 ms CreateObjectMapping: 0.136600 ms MarkObjects: 2.771800 ms  DeleteObjects: 0.087400 ms)

========================================================================
Received Import Request.
  Time since last request: 6.736586 seconds.
  path: Assets/_Scripts/GameManager.cs
  artifactKey: Guid(2c0d6bd998c360e4b9cfda5d4e86f34d) Importer(815301076,1909f56bfc062723c751e8b465ee728b)
Start importing Assets/_Scripts/GameManager.cs using Guid(2c0d6bd998c360e4b9cfda5d4e86f34d) Importer(815301076,1909f56bfc062723c751e8b465ee728b)  -> (artifact id: '5b65f1b24a0e28f681259b9e93148e58') in 0.008046 seconds
  Import took 0.048122 seconds .

========================================================================
Received Import Request.
  Time since last request: 0.005413 seconds.
  path: Assets/_Scripts/GameManager.cs
  artifactKey: Guid(2c0d6bd998c360e4b9cfda5d4e86f34d) Importer(815301076,1909f56bfc062723c751e8b465ee728b)
Start importing Assets/_Scripts/GameManager.cs using Guid(2c0d6bd998c360e4b9cfda5d4e86f34d) Importer(815301076,1909f56bfc062723c751e8b465ee728b)  -> (artifact id: '5b65f1b24a0e28f681259b9e93148e58') in 0.004059 seconds
  Import took 0.011709 seconds .

========================================================================
Received Prepare
Registering precompiled user dll's ...
Registered in 0.000791 seconds.
Begin MonoManager ReloadAssembly
Native extension for WindowsStandalone target not found
Native extension for WebGL target not found
Refreshing native plugins compatible for Editor in 0.67 ms, found 1 plugins.
Preloading 0 native plugins for Editor in 0.00 ms.
Invoked RoslynAnalysisRunner static constructor.
RoslynAnalysisRunner will not be running.
RoslynAnalysisRunner has terminated.
Mono: successfully reloaded assembly
- Completed reload, in  1.086 seconds
Platform modules already initialized, skipping
Refreshing native plugins compatible for Editor in 0.55 ms, found 1 plugins.
Preloading 0 native plugins for Editor in 0.00 ms.
Unloading 1787 Unused Serialized files (Serialized files now loaded: 0)
System memory in use before: 85.3 MB.
System memory in use after: 85.3 MB.

Unloading 11 unused Assets to reduce memory usage. Loaded Objects now: 2253.
Total: 2.347600 ms (FindLiveObjects: 0.354200 ms CreateObjectMapping: 0.068200 ms MarkObjects: 1.824100 ms  DeleteObjects: 0.099200 ms)

========================================================================
Received Import Request.
  Time since last request: 8.534643 seconds.
  path: Assets/_Scripts/GameManager.cs
  artifactKey: Guid(2c0d6bd998c360e4b9cfda5d4e86f34d) Importer(815301076,1909f56bfc062723c751e8b465ee728b)
Start importing Assets/_Scripts/GameManager.cs using Guid(2c0d6bd998c360e4b9cfda5d4e86f34d) Importer(815301076,1909f56bfc062723c751e8b465ee728b)  -> (artifact id: 'd9fc7cb9fd227bd67f161c270b437ded') in 0.053865 seconds
  Import took 0.168808 seconds .

========================================================================
Received Prepare
Registering precompiled user dll's ...
Registered in 0.000822 seconds.
Begin MonoManager ReloadAssembly
Native extension for WindowsStandalone target not found
Native extension for WebGL target not found
Refreshing native plugins compatible for Editor in 0.37 ms, found 1 plugins.
Preloading 0 native plugins for Editor in 0.00 ms.
Invoked RoslynAnalysisRunner static constructor.
RoslynAnalysisRunner will not be running.
RoslynAnalysisRunner has terminated.
Mono: successfully reloaded assembly
- Completed reload, in  0.918 seconds
Platform modules already initialized, skipping
Refreshing native plugins compatible for Editor in 0.38 ms, found 1 plugins.
Preloading 0 native plugins for Editor in 0.00 ms.
Unloading 1787 Unused Serialized files (Serialized files now loaded: 0)
System memory in use before: 85.5 MB.
System memory in use after: 85.5 MB.

Unloading 11 unused Assets to reduce memory usage. Loaded Objects now: 2256.
Total: 2.424400 ms (FindLiveObjects: 0.363000 ms CreateObjectMapping: 0.082700 ms MarkObjects: 1.875100 ms  DeleteObjects: 0.089000 ms)

========================================================================
Received Import Request.
  Time since last request: 5.307337 seconds.
  path: Assets/_Scripts/GameManager.cs
  artifactKey: Guid(2c0d6bd998c360e4b9cfda5d4e86f34d) Importer(815301076,1909f56bfc062723c751e8b465ee728b)
Start importing Assets/_Scripts/GameManager.cs using Guid(2c0d6bd998c360e4b9cfda5d4e86f34d) Importer(815301076,1909f56bfc062723c751e8b465ee728b)  -> (artifact id: '3360e2fbc68ddb9405401a9be5dac0ff') in 0.007151 seconds
  Import took 0.077262 seconds .

========================================================================
Received Prepare
Registering precompiled user dll's ...
Registered in 0.001070 seconds.
Begin MonoManager ReloadAssembly
Native extension for WindowsStandalone target not found
Native extension for WebGL target not found
Refreshing native plugins compatible for Editor in 0.37 ms, found 1 plugins.
Preloading 0 native plugins for Editor in 0.00 ms.
Invoked RoslynAnalysisRunner static constructor.
RoslynAnalysisRunner will not be running.
RoslynAnalysisRunner has terminated.
Mono: successfully reloaded assembly
- Completed reload, in  0.928 seconds
Platform modules already initialized, skipping
Refreshing native plugins compatible for Editor in 0.45 ms, found 1 plugins.
Preloading 0 native plugins for Editor in 0.00 ms.
Unloading 1787 Unused Serialized files (Serialized files now loaded: 0)
System memory in use before: 85.5 MB.
System memory in use after: 85.5 MB.

Unloading 11 unused Assets to reduce memory usage. Loaded Objects now: 2259.
Total: 2.107300 ms (FindLiveObjects: 0.200500 ms CreateObjectMapping: 0.067200 ms MarkObjects: 1.728600 ms  DeleteObjects: 0.109900 ms)

========================================================================
Received Prepare
Registering precompiled user dll's ...
Registered in 0.001197 seconds.
Begin MonoManager ReloadAssembly
Native extension for WindowsStandalone target not found
Native extension for WebGL target not found
Refreshing native plugins compatible for Editor in 0.35 ms, found 1 plugins.
Preloading 0 native plugins for Editor in 0.00 ms.
Invoked RoslynAnalysisRunner static constructor.
RoslynAnalysisRunner will not be running.
RoslynAnalysisRunner has terminated.
Mono: successfully reloaded assembly
- Completed reload, in  0.979 seconds
Platform modules already initialized, skipping
Refreshing native plugins compatible for Editor in 0.38 ms, found 1 plugins.
Preloading 0 native plugins for Editor in 0.00 ms.
Unloading 1787 Unused Serialized files (Serialized files now loaded: 0)
System memory in use before: 85.9 MB.
System memory in use after: 85.9 MB.

Unloading 11 unused Assets to reduce memory usage. Loaded Objects now: 2262.
Total: 2.259900 ms (FindLiveObjects: 0.289100 ms CreateObjectMapping: 0.085100 ms MarkObjects: 1.772900 ms  DeleteObjects: 0.111200 ms)

========================================================================
Received Import Request.
  Time since last request: 114.789809 seconds.
  path: Assets/_Scripts/ArrowsBlink.cs
  artifactKey: Guid(2ff7cc9b6f3e4ff49a0aab810dbe23bb) Importer(815301076,1909f56bfc062723c751e8b465ee728b)
Start importing Assets/_Scripts/ArrowsBlink.cs using Guid(2ff7cc9b6f3e4ff49a0aab810dbe23bb) Importer(815301076,1909f56bfc062723c751e8b465ee728b)  -> (artifact id: '1fbfc2dd8880d17d49fb09d4adb4d859') in 0.004845 seconds
  Import took 0.056931 seconds .

========================================================================
Received Prepare
Registering precompiled user dll's ...
Registered in 0.000826 seconds.
Begin MonoManager ReloadAssembly
Native extension for WindowsStandalone target not found
Native extension for WebGL target not found
Refreshing native plugins compatible for Editor in 0.36 ms, found 1 plugins.
Preloading 0 native plugins for Editor in 0.00 ms.
Invoked RoslynAnalysisRunner static constructor.
RoslynAnalysisRunner will not be running.
RoslynAnalysisRunner has terminated.
Mono: successfully reloaded assembly
- Completed reload, in  0.969 seconds
Platform modules already initialized, skipping
Refreshing native plugins compatible for Editor in 0.45 ms, found 1 plugins.
Preloading 0 native plugins for Editor in 0.00 ms.
Unloading 1787 Unused Serialized files (Serialized files now loaded: 0)
System memory in use before: 86.1 MB.
System memory in use after: 86.1 MB.

Unloading 11 unused Assets to reduce memory usage. Loaded Objects now: 2265.
Total: 2.315300 ms (FindLiveObjects: 0.396900 ms CreateObjectMapping: 0.065100 ms MarkObjects: 1.654000 ms  DeleteObjects: 0.198200 ms)

========================================================================
Received Prepare
Registering precompiled user dll's ...
Registered in 0.000785 seconds.
Begin MonoManager ReloadAssembly
Native extension for WindowsStandalone target not found
Native extension for WebGL target not found
Refreshing native plugins compatible for Editor in 0.37 ms, found 1 plugins.
Preloading 0 native plugins for Editor in 0.00 ms.
Invoked RoslynAnalysisRunner static constructor.
RoslynAnalysisRunner will not be running.
RoslynAnalysisRunner has terminated.
Mono: successfully reloaded assembly
- Completed reload, in  0.936 seconds
Platform modules already initialized, skipping
Refreshing native plugins compatible for Editor in 0.34 ms, found 1 plugins.
Preloading 0 native plugins for Editor in 0.00 ms.
Unloading 1787 Unused Serialized files (Serialized files now loaded: 0)
System memory in use before: 86.3 MB.
System memory in use after: 86.3 MB.

Unloading 11 unused Assets to reduce memory usage. Loaded Objects now: 2268.
Total: 2.447400 ms (FindLiveObjects: 0.335700 ms CreateObjectMapping: 0.073500 ms MarkObjects: 1.940000 ms  DeleteObjects: 0.096700 ms)

========================================================================
Received Prepare
Refreshing native plugins compatible for Editor in 1.67 ms, found 1 plugins.
Preloading 0 native plugins for Editor in 0.00 ms.
Unloading 9 Unused Serialized files (Serialized files now loaded: 0)
System memory in use before: 51.3 MB.
System memory in use after: 51.3 MB.

Unloading 9 unused Assets to reduce memory usage. Loaded Objects now: 2268.
Total: 2.661000 ms (FindLiveObjects: 0.334300 ms CreateObjectMapping: 0.098100 ms MarkObjects: 2.076500 ms  DeleteObjects: 0.150300 ms)

========================================================================
Received Prepare
Registering precompiled user dll's ...
Registered in 0.000989 seconds.
Begin MonoManager ReloadAssembly
Native extension for WindowsStandalone target not found
Native extension for WebGL target not found
Refreshing native plugins compatible for Editor in 0.34 ms, found 1 plugins.
Preloading 0 native plugins for Editor in 0.00 ms.
Invoked RoslynAnalysisRunner static constructor.
RoslynAnalysisRunner will not be running.
RoslynAnalysisRunner has terminated.
Mono: successfully reloaded assembly
- Completed reload, in  0.853 seconds
Platform modules already initialized, skipping
Refreshing native plugins compatible for Editor in 0.37 ms, found 1 plugins.
Preloading 0 native plugins for Editor in 0.00 ms.
Unloading 1787 Unused Serialized files (Serialized files now loaded: 0)
System memory in use before: 86.5 MB.
System memory in use after: 86.6 MB.

Unloading 11 unused Assets to reduce memory usage. Loaded Objects now: 2271.
Total: 2.257600 ms (FindLiveObjects: 0.231600 ms CreateObjectMapping: 0.063700 ms MarkObjects: 1.849500 ms  DeleteObjects: 0.111800 ms)

AssetImportWorkerClient::OnTransportError - code=2 error=End of file
